<?xml version="1.0" encoding="UTF-8"?>
<coverage generated="1713229455020" clover="3.2.0">
  <project timestamp="1713229455020" name="All files">
    <metrics statements="20" coveredstatements="11" conditionals="6" coveredconditionals="6" methods="13" coveredmethods="2" elements="39" coveredelements="19" complexity="0" loc="20" ncloc="20" packages="1" files="3" classes="3"/>
    <file name="IPizzaBuilder.js" path="C:\Users\ignac\OneDrive\Documentos\UCP\Ing en Software 2\PizzaEjemplo\IPizzaBuilder.js">
      <metrics statements="2" coveredstatements="2" conditionals="0" coveredconditionals="0" methods="6" coveredmethods="0"/>
      <line num="1" count="1" type="stmt"/>
      <line num="11" count="1" type="stmt"/>
    </file>
    <file name="PizzaBuilder.js" path="C:\Users\ignac\OneDrive\Documentos\UCP\Ing en Software 2\PizzaEjemplo\PizzaBuilder.js">
      <metrics statements="6" coveredstatements="6" conditionals="6" coveredconditionals="6" methods="1" coveredmethods="1"/>
      <line num="2" count="1" type="stmt"/>
      <line num="6" count="5" type="stmt"/>
      <line num="7" count="5" type="cond" truecount="2" falsecount="0"/>
      <line num="8" count="5" type="cond" truecount="2" falsecount="0"/>
      <line num="9" count="5" type="cond" truecount="2" falsecount="0"/>
      <line num="12" count="1" type="stmt"/>
    </file>
    <file name="pizza.js" path="C:\Users\ignac\OneDrive\Documentos\UCP\Ing en Software 2\PizzaEjemplo\pizza.js">
      <metrics statements="12" coveredstatements="3" conditionals="0" coveredconditionals="0" methods="6" coveredmethods="1"/>
      <line num="1" count="1" type="stmt"/>
      <line num="6" count="1" type="stmt"/>
      <line num="10" count="0" type="stmt"/>
      <line num="11" count="0" type="stmt"/>
      <line num="15" count="0" type="stmt"/>
      <line num="16" count="0" type="stmt"/>
      <line num="20" count="0" type="stmt"/>
      <line num="21" count="0" type="stmt"/>
      <line num="25" count="0" type="stmt"/>
      <line num="26" count="0" type="stmt"/>
      <line num="30" count="0" type="stmt"/>
      <line num="34" count="1" type="stmt"/>
    </file>
  </project>
</coverage>
