{"C:\\Users\\ignac\\OneDrive\\Documentos\\UCP\\Ing en Software 2\\PizzaEjemplo\\IPizzaBuilder.js": {"path":"C:\\Users\\ignac\\OneDrive\\Documentos\\UCP\\Ing en Software 2\\PizzaEjemplo\\IPizzaBuilder.js","statementMap":{"0":{"start":{"line":1,"column":22},"end":{"line":8,"column":1}},"1":{"start":{"line":10,"column":0},"end":{"line":10,"column":31}}},"fnMap":{"0":{"name":"(anonymous_0)","decl":{"start":{"line":3,"column":13},"end":{"line":3,"column":14}},"loc":{"start":{"line":3,"column":28},"end":{"line":3,"column":30}},"line":3},"1":{"name":"(anonymous_1)","decl":{"start":{"line":4,"column":15},"end":{"line":4,"column":16}},"loc":{"start":{"line":4,"column":26},"end":{"line":4,"column":28}},"line":4},"2":{"name":"(anonymous_2)","decl":{"start":{"line":5,"column":18},"end":{"line":5,"column":19}},"loc":{"start":{"line":5,"column":29},"end":{"line":5,"column":31}},"line":5},"3":{"name":"(anonymous_3)","decl":{"start":{"line":6,"column":15},"end":{"line":6,"column":16}},"loc":{"start":{"line":6,"column":26},"end":{"line":6,"column":28}},"line":6},"4":{"name":"(anonymous_4)","decl":{"start":{"line":7,"column":11},"end":{"line":7,"column":12}},"loc":{"start":{"line":7,"column":22},"end":{"line":7,"column":24}},"line":7}},"branchMap":{},"s":{"0":1,"1":1},"f":{"0":0,"1":0,"2":0,"3":0,"4":0},"b":{},"_coverageSchema":"1a1c01bbd47fc00a2c39e90264f33305004495a9","hash":"9fc92d4c990336ca246eef4c6bd5ee86edba55b8"}
,"C:\\Users\\ignac\\OneDrive\\Documentos\\UCP\\Ing en Software 2\\PizzaEjemplo\\PizzaBuilder.js": {"path":"C:\\Users\\ignac\\OneDrive\\Documentos\\UCP\\Ing en Software 2\\PizzaEjemplo\\PizzaBuilder.js","statementMap":{"0":{"start":{"line":2,"column":22},"end":{"line":2,"column":48}},"1":{"start":{"line":3,"column":14},"end":{"line":3,"column":32}},"2":{"start":{"line":7,"column":4},"end":{"line":7,"column":21}},"3":{"start":{"line":11,"column":4},"end":{"line":11,"column":21}},"4":{"start":{"line":12,"column":4},"end":{"line":12,"column":16}},"5":{"start":{"line":16,"column":4},"end":{"line":16,"column":23}},"6":{"start":{"line":17,"column":4},"end":{"line":17,"column":16}},"7":{"start":{"line":21,"column":4},"end":{"line":21,"column":26}},"8":{"start":{"line":22,"column":4},"end":{"line":22,"column":16}},"9":{"start":{"line":26,"column":4},"end":{"line":26,"column":23}},"10":{"start":{"line":27,"column":4},"end":{"line":27,"column":16}},"11":{"start":{"line":31,"column":4},"end":{"line":31,"column":27}},"12":{"start":{"line":35,"column":0},"end":{"line":35,"column":30}}},"fnMap":{"0":{"name":"(anonymous_0)","decl":{"start":{"line":6,"column":2},"end":{"line":6,"column":3}},"loc":{"start":{"line":6,"column":20},"end":{"line":8,"column":3}},"line":6},"1":{"name":"(anonymous_1)","decl":{"start":{"line":10,"column":2},"end":{"line":10,"column":3}},"loc":{"start":{"line":10,"column":16},"end":{"line":13,"column":3}},"line":10},"2":{"name":"(anonymous_2)","decl":{"start":{"line":15,"column":2},"end":{"line":15,"column":3}},"loc":{"start":{"line":15,"column":14},"end":{"line":18,"column":3}},"line":15},"3":{"name":"(anonymous_3)","decl":{"start":{"line":20,"column":2},"end":{"line":20,"column":3}},"loc":{"start":{"line":20,"column":17},"end":{"line":23,"column":3}},"line":20},"4":{"name":"(anonymous_4)","decl":{"start":{"line":25,"column":2},"end":{"line":25,"column":3}},"loc":{"start":{"line":25,"column":14},"end":{"line":28,"column":3}},"line":25},"5":{"name":"(anonymous_5)","decl":{"start":{"line":30,"column":2},"end":{"line":30,"column":3}},"loc":{"start":{"line":30,"column":10},"end":{"line":32,"column":3}},"line":30}},"branchMap":{},"s":{"0":1,"1":1,"2":5,"3":0,"4":0,"5":2,"6":2,"7":2,"8":2,"9":2,"10":2,"11":5,"12":1},"f":{"0":5,"1":0,"2":2,"3":2,"4":2,"5":5},"b":{},"_coverageSchema":"1a1c01bbd47fc00a2c39e90264f33305004495a9","hash":"3266cf13f7e0b2af7508f2f4c8f70410162aa7c5"}
,"C:\\Users\\ignac\\OneDrive\\Documentos\\UCP\\Ing en Software 2\\PizzaEjemplo\\pizza.js": {"path":"C:\\Users\\ignac\\OneDrive\\Documentos\\UCP\\Ing en Software 2\\PizzaEjemplo\\pizza.js","statementMap":{"0":{"start":{"line":4,"column":4},"end":{"line":4,"column":29}},"1":{"start":{"line":5,"column":4},"end":{"line":5,"column":42}},"2":{"start":{"line":6,"column":4},"end":{"line":6,"column":48}},"3":{"start":{"line":7,"column":4},"end":{"line":7,"column":42}},"4":{"start":{"line":11,"column":4},"end":{"line":11,"column":124}},"5":{"start":{"line":14,"column":0},"end":{"line":14,"column":23}}},"fnMap":{"0":{"name":"(anonymous_0)","decl":{"start":{"line":3,"column":2},"end":{"line":3,"column":3}},"loc":{"start":{"line":3,"column":23},"end":{"line":8,"column":3}},"line":3},"1":{"name":"(anonymous_1)","decl":{"start":{"line":10,"column":2},"end":{"line":10,"column":3}},"loc":{"start":{"line":10,"column":13},"end":{"line":12,"column":3}},"line":10}},"branchMap":{"0":{"loc":{"start":{"line":5,"column":18},"end":{"line":5,"column":41}},"type":"binary-expr","locations":[{"start":{"line":5,"column":18},"end":{"line":5,"column":32}},{"start":{"line":5,"column":36},"end":{"line":5,"column":41}}],"line":5},"1":{"loc":{"start":{"line":6,"column":21},"end":{"line":6,"column":47}},"type":"binary-expr","locations":[{"start":{"line":6,"column":21},"end":{"line":6,"column":38}},{"start":{"line":6,"column":42},"end":{"line":6,"column":47}}],"line":6},"2":{"loc":{"start":{"line":7,"column":18},"end":{"line":7,"column":41}},"type":"binary-expr","locations":[{"start":{"line":7,"column":18},"end":{"line":7,"column":32}},{"start":{"line":7,"column":36},"end":{"line":7,"column":41}}],"line":7}},"s":{"0":5,"1":5,"2":5,"3":5,"4":0,"5":1},"f":{"0":5,"1":0},"b":{"0":[5,3],"1":[5,3],"2":[5,3]},"_coverageSchema":"1a1c01bbd47fc00a2c39e90264f33305004495a9","hash":"44461258c1f4a8b8787f05baaecd629c128bb388"}
}
