{"C:\\Users\\ignac\\OneDrive\\Documentos\\UCP\\Ing en Software 2\\PizzaEjemplo\\IPizzaBuilder.js": {"path":"C:\\Users\\ignac\\OneDrive\\Documentos\\UCP\\Ing en Software 2\\PizzaEjemplo\\IPizzaBuilder.js","statementMap":{"0":{"start":{"line":1,"column":22},"end":{"line":9,"column":1}},"1":{"start":{"line":11,"column":0},"end":{"line":11,"column":31}}},"fnMap":{"0":{"name":"(anonymous_0)","decl":{"start":{"line":3,"column":13},"end":{"line":3,"column":14}},"loc":{"start":{"line":3,"column":28},"end":{"line":3,"column":30}},"line":3},"1":{"name":"(anonymous_1)","decl":{"start":{"line":4,"column":19},"end":{"line":4,"column":20}},"loc":{"start":{"line":4,"column":30},"end":{"line":4,"column":32}},"line":4},"2":{"name":"(anonymous_2)","decl":{"start":{"line":5,"column":15},"end":{"line":5,"column":16}},"loc":{"start":{"line":5,"column":26},"end":{"line":5,"column":28}},"line":5},"3":{"name":"(anonymous_3)","decl":{"start":{"line":6,"column":18},"end":{"line":6,"column":19}},"loc":{"start":{"line":6,"column":29},"end":{"line":6,"column":31}},"line":6},"4":{"name":"(anonymous_4)","decl":{"start":{"line":7,"column":15},"end":{"line":7,"column":16}},"loc":{"start":{"line":7,"column":26},"end":{"line":7,"column":28}},"line":7},"5":{"name":"(anonymous_5)","decl":{"start":{"line":8,"column":11},"end":{"line":8,"column":12}},"loc":{"start":{"line":8,"column":22},"end":{"line":8,"column":24}},"line":8}},"branchMap":{},"s":{"0":1,"1":1},"f":{"0":0,"1":0,"2":0,"3":0,"4":0,"5":0},"b":{},"_coverageSchema":"1a1c01bbd47fc00a2c39e90264f33305004495a9","hash":"392f3c0f01d6c9eb67f7d3f2f3968ad5131e0c6b"}
,"C:\\Users\\ignac\\OneDrive\\Documentos\\UCP\\Ing en Software 2\\PizzaEjemplo\\PizzaBuilder.js": {"path":"C:\\Users\\ignac\\OneDrive\\Documentos\\UCP\\Ing en Software 2\\PizzaEjemplo\\PizzaBuilder.js","statementMap":{"0":{"start":{"line":2,"column":14},"end":{"line":2,"column":32}},"1":{"start":{"line":6,"column":4},"end":{"line":6,"column":29}},"2":{"start":{"line":7,"column":4},"end":{"line":7,"column":42}},"3":{"start":{"line":8,"column":4},"end":{"line":8,"column":48}},"4":{"start":{"line":9,"column":4},"end":{"line":9,"column":42}},"5":{"start":{"line":12,"column":0},"end":{"line":12,"column":30}}},"fnMap":{"0":{"name":"(anonymous_0)","decl":{"start":{"line":5,"column":2},"end":{"line":5,"column":3}},"loc":{"start":{"line":5,"column":23},"end":{"line":10,"column":1}},"line":5}},"branchMap":{"0":{"loc":{"start":{"line":7,"column":18},"end":{"line":7,"column":41}},"type":"binary-expr","locations":[{"start":{"line":7,"column":18},"end":{"line":7,"column":32}},{"start":{"line":7,"column":36},"end":{"line":7,"column":41}}],"line":7},"1":{"loc":{"start":{"line":8,"column":21},"end":{"line":8,"column":47}},"type":"binary-expr","locations":[{"start":{"line":8,"column":21},"end":{"line":8,"column":38}},{"start":{"line":8,"column":42},"end":{"line":8,"column":47}}],"line":8},"2":{"loc":{"start":{"line":9,"column":18},"end":{"line":9,"column":41}},"type":"binary-expr","locations":[{"start":{"line":9,"column":18},"end":{"line":9,"column":32}},{"start":{"line":9,"column":36},"end":{"line":9,"column":41}}],"line":9}},"s":{"0":1,"1":5,"2":5,"3":5,"4":5,"5":1},"f":{"0":5},"b":{"0":[5,5],"1":[5,5],"2":[5,5]},"_coverageSchema":"1a1c01bbd47fc00a2c39e90264f33305004495a9","hash":"df4945e99719f33c0deb9038d40eb0dbb54c0d8d"}
,"C:\\Users\\ignac\\OneDrive\\Documentos\\UCP\\Ing en Software 2\\PizzaEjemplo\\pizza.js": {"path":"C:\\Users\\ignac\\OneDrive\\Documentos\\UCP\\Ing en Software 2\\PizzaEjemplo\\pizza.js","statementMap":{"0":{"start":{"line":1,"column":22},"end":{"line":1,"column":49}},"1":{"start":{"line":6,"column":6},"end":{"line":6,"column":23}},"2":{"start":{"line":10,"column":6},"end":{"line":10,"column":23}},"3":{"start":{"line":11,"column":6},"end":{"line":11,"column":18}},"4":{"start":{"line":15,"column":6},"end":{"line":15,"column":25}},"5":{"start":{"line":16,"column":6},"end":{"line":16,"column":18}},"6":{"start":{"line":20,"column":6},"end":{"line":20,"column":28}},"7":{"start":{"line":21,"column":6},"end":{"line":21,"column":18}},"8":{"start":{"line":25,"column":6},"end":{"line":25,"column":25}},"9":{"start":{"line":26,"column":6},"end":{"line":26,"column":18}},"10":{"start":{"line":30,"column":6},"end":{"line":30,"column":29}},"11":{"start":{"line":34,"column":0},"end":{"line":34,"column":23}}},"fnMap":{"0":{"name":"(anonymous_0)","decl":{"start":{"line":5,"column":4},"end":{"line":5,"column":5}},"loc":{"start":{"line":5,"column":22},"end":{"line":7,"column":5}},"line":5},"1":{"name":"(anonymous_1)","decl":{"start":{"line":9,"column":4},"end":{"line":9,"column":5}},"loc":{"start":{"line":9,"column":18},"end":{"line":12,"column":5}},"line":9},"2":{"name":"(anonymous_2)","decl":{"start":{"line":14,"column":4},"end":{"line":14,"column":5}},"loc":{"start":{"line":14,"column":16},"end":{"line":17,"column":5}},"line":14},"3":{"name":"(anonymous_3)","decl":{"start":{"line":19,"column":4},"end":{"line":19,"column":5}},"loc":{"start":{"line":19,"column":19},"end":{"line":22,"column":5}},"line":19},"4":{"name":"(anonymous_4)","decl":{"start":{"line":24,"column":4},"end":{"line":24,"column":5}},"loc":{"start":{"line":24,"column":16},"end":{"line":27,"column":5}},"line":24},"5":{"name":"(anonymous_5)","decl":{"start":{"line":29,"column":4},"end":{"line":29,"column":5}},"loc":{"start":{"line":29,"column":12},"end":{"line":31,"column":5}},"line":29}},"branchMap":{},"s":{"0":1,"1":1,"2":0,"3":0,"4":0,"5":0,"6":0,"7":0,"8":0,"9":0,"10":0,"11":1},"f":{"0":1,"1":0,"2":0,"3":0,"4":0,"5":0},"b":{},"_coverageSchema":"1a1c01bbd47fc00a2c39e90264f33305004495a9","hash":"c1cc2fd785bfb01357b49c66d94efc191deb3317"}
}
