TN:
SF:IPizzaBuilder.js
FN:3,(anonymous_0)
FN:4,(anonymous_1)
FN:5,(anonymous_2)
FN:6,(anonymous_3)
FN:7,(anonymous_4)
FNF:5
FNH:0
FNDA:0,(anonymous_0)
FNDA:0,(anonymous_1)
FNDA:0,(anonymous_2)
FNDA:0,(anonymous_3)
FNDA:0,(anonymous_4)
DA:1,1
DA:10,1
LF:2
LH:2
BRF:0
BRH:0
end_of_record
TN:
SF:PizzaBuilder.js
FN:6,(anonymous_0)
FN:10,(anonymous_1)
FN:15,(anonymous_2)
FN:20,(anonymous_3)
FN:25,(anonymous_4)
FN:30,(anonymous_5)
FNF:6
FNH:5
FNDA:5,(anonymous_0)
FNDA:0,(anonymous_1)
FNDA:2,(anonymous_2)
FNDA:2,(anonymous_3)
FNDA:2,(anonymous_4)
FNDA:5,(anonymous_5)
DA:2,1
DA:3,1
DA:7,5
DA:11,0
DA:12,0
DA:16,2
DA:17,2
DA:21,2
DA:22,2
DA:26,2
DA:27,2
DA:31,5
DA:35,1
LF:13
LH:11
BRF:0
BRH:0
end_of_record
TN:
SF:pizza.js
FN:3,(anonymous_0)
FN:10,(anonymous_1)
FNF:2
FNH:2
FNDA:6,(anonymous_0)
FNDA:1,(anonymous_1)
DA:4,6
DA:5,6
DA:6,6
DA:7,6
DA:11,1
DA:14,1
LF:6
LH:6
BRDA:5,0,0,6
BRDA:5,0,1,3
BRDA:6,1,0,6
BRDA:6,1,1,3
BRDA:7,2,0,6
BRDA:7,2,1,4
BRF:6
BRH:6
end_of_record
